<?xml version="1.0" encoding="UTF-8"?>
<!-- Generated by org.testng.reporters.JUnitReportReporter -->
<testsuite hostname="GAYATHRIKRISH" failures="0" tests="1" name="SeleniumExample2" time="37.383" errors="0" timestamp="2023-05-03T11:21:30 CDT" skipped="0">
  <testcase classname="SeleniumExample2" name="MouseMove" time="37.383"/>
  <system-out/>
</testsuite> <!-- SeleniumExample2 -->
