<?xml version="1.0" encoding="UTF-8"?>
<!-- Generated by org.testng.reporters.JUnitReportReporter -->
<testsuite hostname="GAYATHRIKRISH" failures="0" tests="1" name="Windows" time="144.396" errors="0" timestamp="2023-05-08T12:49:49 CDT" skipped="0">
  <testcase classname="Windows" name="WinFrame" time="144.396"/>
  <system-out/>
</testsuite> <!-- Windows -->
