<?xml version="1.0" encoding="UTF-8"?>
<!-- Generated by org.testng.reporters.JUnitReportReporter -->
<testsuite hostname="GAYATHRIKRISH" failures="0" tests="1" name="SeleniumEX4" time="23.733" errors="0" timestamp="2023-05-04T11:22:39 CDT" skipped="0">
  <testcase classname="SeleniumEX4" name="GetMethods" time="23.733"/>
  <system-out/>
</testsuite> <!-- SeleniumEX4 -->
