<?xml version="1.0" encoding="UTF-8"?>
<!-- Generated by org.testng.reporters.JUnitReportReporter -->
<testsuite hostname="GAYATHRIKRISH" failures="0" tests="1" name="SelenuimExample1" time="66.318" errors="0" timestamp="2023-05-03T09:55:19 CDT" skipped="0">
  <testcase classname="SelenuimExample1" name="Xpath" time="66.318"/>
  <system-out/>
</testsuite> <!-- SelenuimExample1 -->
