<?xml version="1.0" encoding="UTF-8"?>
<!-- Generated by org.testng.reporters.JUnitReportReporter -->
<testsuite hostname="GAYATHRIKRISH" failures="0" tests="1" name="SampleForm" time="85.495" errors="0" timestamp="2023-05-11T17:01:57 CDT" skipped="0">
  <testcase classname="SampleForm" name="FillForm" time="85.495"/>
  <system-out/>
</testsuite> <!-- SampleForm -->
